Experiment 2: play2.lst

***** practice block *****

m01p05.qc5
m02p02.s22
m00p03.mt2
m03p02.q15
m00p05.tm5
m03p04.tm3
m00p04.qc3
f00p05.tt5
f02p05.qc4
f00p02.728
f02p04.mt3
m00p02.q25
m01p02.mm1
f00p04.mm4
f02p03.tt1
f03p04.tt3
f01p02.mt1
f03p03.mm2
f01p04.tm4
f02p02.q05
f03p02.q20
f01p03.qc2
m02p05.tt4
m03p05.mm5
f03p05.mt5
m02p03.tm1
m01p04.mt4
m03p03.qc1
m02p04.mm3
f00p03.tm2
m01p03.tt2

***** block 1 *****

f02p01.q05
m00p01.q25
f03p04.mt5
m02p03.mm3
f03p01.q20
m03p01.q15
f00p04.tt5
f01p02.qc2
f02p04.qc4
f00p01.728
m01p04.qc5
m03p03.tm3
m00p04.tm5
m02p01.s22
m01p01.mm1
f01p01.mt1
m03p04.mm5
f00p03.mm4
f03p03.tt3
m02p04.tt4
f02p02.tt1
f03p02.mm2
m01p02.tt2
m00p02.mt2
m03p02.qc1
f01p03.tm4
m02p02.tm1
f00p02.tm2
m00p03.qc3
m01p03.mt4
f02p03.mt3

***** block 2 *****

f03p07.tt3
f00p07.mm4
m02p07.mm3
f01p05.mt1
f02p05.q05
f03p08.mt5
m00p07.qc3
m01p08.qc5
f00p08.tt5
f02p06.tt1
f03p06.mm2
m02p08.tt4
m03p08.mm5
m00p08.tm5
f01p06.qc2
m03p07.tm3
m01p05.tt2
m03p06.qc1
m00p06.mt2
f02p08.qc4
m01p05.mm1
f02p07.mt3
m03p05.q15
f00p06.tm2
m01p07.mt4
f03p05.q20
m02p06.tm1
f01p07.tm4
f00p05.728
m00p05.q25
m02p05.s22

***** block 3 *****

m00p04.tm5
m01p01.mm1
f00p01.728
m01p02.tt2
f00p04.tt5
f01p02.qc2
m00p03.qc3
m02p01.s22
m01p03.mt4
m00p02.mt2
m03p01.q15
f02p01.q05
m03p02.qc1
m02p03.mm3
m00p01.q25
f01p01.mt1
f02p03.mt3
m01p04.qc5
f00p02.tm2
f03p02.mm2
f02p02.tt1
m02p04.tt4
f03p04.mt5
f02p04.qc4
f01p03.tm4
f03p01.q20
m02p02.tm1
f00p03.mm4
m03p04.mm5
f03p03.tt3
m03p03.tm3

***** block 4 *****

f00p08.tt5
f03p08.mt5
f02p07.mt3
f00p06.tm2
f03p06.mm2
m03p08.mm5
m00p07.qc3
f03p05.q20
m03p06.qc1
f02p08.qc4
f01p07.tm4
m03p07.tm3
f00p05.728
m02p08.tt4
f02p05.q05
m02p07.mm3
m01p07.mt4
f03p07.tt3
f01p06.qc2
m00p08.tm5
m02p06.tm1
m03p05.q15
m02p05.s22
f00p07.mm4
m01p08.qc5
m00p06.mt2
m01p05.tt2
f01p05.mt1
f02p06.tt1
m00p05.q25
m01p05.mm1

***** block 5 *****

f03p04.mt5
m01p04.qc5
m03p04.mm5
f00p02.tm2
f02p01.q05
m03p02.qc1
m00p02.mt2
f03p02.mm2
f00p01.728
f03p03.tt3
m01p03.mt4
m00p04.tm5
f01p02.qc2
m02p02.tm1
f02p02.tt1
m01p02.tt2
m00p01.q25
m02p04.tt4
m03p03.tm3
f03p01.q20
f00p04.tt5
m00p03.qc3
m02p01.s22
f01p03.tm4
m02p03.mm3
f00p03.mm4
f02p03.mt3
m03p01.q15
f02p04.qc4
f01p01.mt1
m01p01.mm1

***** block 6 *****

f00p06.tm2
m00p05.q25
f02p06.tt1
m03p08.mm5
m02p08.tt4
f02p07.mt3
m02p07.mm3
m01p05.mm1
m00p08.tm5
m01p05.tt2
f01p06.qc2
m02p06.tm1
f00p08.tt5
f03p06.mm2
m03p07.tm3
m00p07.qc3
f02p08.qc4
m01p07.mt4
f02p05.q05
m02p05.s22
f00p07.mm4
m03p06.qc1
f01p07.tm4
f03p05.q20
m01p08.qc5
m03p05.q15
f01p05.mt1
f03p08.mt5
f00p05.728
m00p06.mt2
f03p07.tt3

***** block 7 *****

f00p02.tm2
f03p03.tt3
f02p03.mt3
m00p03.qc3
f03p01.q20
f00p03.mm4
m01p01.mm1
m03p04.mm5
f02p02.tt1
f00p04.tt5
m00p01.q25
f02p04.qc4
m00p02.mt2
f02p01.q05
f00p01.728
m02p02.tm1
m00p04.tm5
m02p03.mm3
m03p02.qc1
m01p02.tt2
f01p02.qc2
m01p04.qc5
m03p01.q15
m02p04.tt4
f01p01.mt1
f03p04.mt5
m01p03.mt4
m02p01.s22
f03p02.mm2
f01p03.tm4
m03p03.tm3

***** block 8 *****

m02p05.s22
m00p06.mt2
f01p06.qc2
f03p07.tt3
m01p05.mm1
f00p06.tm2
m00p07.qc3
f00p07.mm4
f02p07.mt3
m01p07.mt4
m00p08.tm5
m03p05.q15
f03p05.q20
f02p05.q05
f03p08.mt5
m02p06.tm1
f01p07.tm4
f00p05.728
f02p08.qc4
m03p06.qc1
m00p05.q25
m01p08.qc5
m03p08.mm5
f00p08.tt5
m02p08.tt4
m03p07.tm3
f02p06.tt1
m01p05.tt2
f01p05.mt1
m02p07.mm3
f03p06.mm2
