Experiment 2: play7.lst

***** practice block *****

m03p08.qc5
m00p05.s22
m02p06.mt2
m01p05.q15
m02p08.tm5
m01p07.tm3
m02p07.qc3
f02p08.tt5
f00p08.qc4
f02p05.728
f00p07.mt3
m02p05.q25
m03p05.mm1
f02p07.mm4
f00p06.tt1
f01p07.tt3
f03p05.mt1
f01p06.mm2
f03p07.tm4
f00p05.q05
f01p05.q20
f03p06.qc2
m00p08.tt4
m01p08.mm5
f01p08.mt5
m00p06.tm1
m03p07.mt4
m01p05.qc1
m00p07.mm3
f02p06.tm2
m03p06.tt2

***** block 1 *****

f00p04.q05
m02p04.q25
f01p07.mt5
m00p06.mm3
f01p04.q20
m01p04.q15
f02p07.tt5
f03p05.qc2
f00p07.qc4
f02p04.728
m03p07.qc5
m01p05.tm3
m02p07.tm5
m00p04.s22
m03p04.mm1
f03p04.mt1
m01p07.mm5
f02p06.mm4
f01p06.tt3
m00p07.tt4
f00p05.tt1
f01p05.mm2
m03p05.tt2
m02p05.mt2
m01p05.qc1
f03p06.tm4
m00p05.tm1
f02p05.tm2
m02p06.qc3
m03p06.mt4
f00p06.mt3

***** block 2 *****

f01p02.tt3
f02p02.mm4
m00p02.mm3
f03p08.mt1
f00p08.q05
f01p03.mt5
m02p02.qc3
m03p03.qc5
f02p03.tt5
f00p01.tt1
f01p01.mm2
m00p03.tt4
m01p03.mm5
m02p03.tm5
f03p01.qc2
m01p02.tm3
m03p01.tt2
m01p01.qc1
m02p01.mt2
f00p03.qc4
m03p08.mm1
f00p02.mt3
m01p08.q15
f02p01.tm2
m03p02.mt4
f01p08.q20
m00p01.tm1
f03p02.tm4
f02p08.728
m02p08.q25
m00p08.s22

***** block 3 *****

m02p07.tm5
m03p04.mm1
f02p04.728
m03p05.tt2
f02p07.tt5
f03p05.qc2
m02p06.qc3
m00p04.s22
m03p06.mt4
m02p05.mt2
m01p04.q15
f00p04.q05
m01p05.qc1
m00p06.mm3
m02p04.q25
f03p04.mt1
f00p06.mt3
m03p07.qc5
f02p05.tm2
f01p05.mm2
f00p05.tt1
m00p07.tt4
f01p07.mt5
f00p07.qc4
f03p06.tm4
f01p04.q20
m00p05.tm1
f02p06.mm4
m01p07.mm5
f01p06.tt3
m01p05.tm3

***** block 4 *****

f02p03.tt5
f01p03.mt5
f00p02.mt3
f02p01.tm2
f01p01.mm2
m01p03.mm5
m02p02.qc3
f01p08.q20
m01p01.qc1
f00p03.qc4
f03p02.tm4
m01p02.tm3
f02p08.728
m00p03.tt4
f00p08.q05
m00p02.mm3
m03p02.mt4
f01p02.tt3
f03p01.qc2
m02p03.tm5
m00p01.tm1
m01p08.q15
m00p08.s22
f02p02.mm4
m03p03.qc5
m02p01.mt2
m03p01.tt2
f03p08.mt1
f00p01.tt1
m02p08.q25
m03p08.mm1

***** block 5 *****

f01p07.mt5
m03p07.qc5
m01p07.mm5
f02p05.tm2
f00p04.q05
m01p05.qc1
m02p05.mt2
f01p05.mm2
f02p04.728
f01p06.tt3
m03p06.mt4
m02p07.tm5
f03p05.qc2
m00p05.tm1
f00p05.tt1
m03p05.tt2
m02p04.q25
m00p07.tt4
m01p05.tm3
f01p04.q20
f02p07.tt5
m02p06.qc3
m00p04.s22
f03p06.tm4
m00p06.mm3
f02p06.mm4
f00p06.mt3
m01p04.q15
f00p07.qc4
f03p04.mt1
m03p04.mm1

***** block 6 *****

f02p01.tm2
m02p08.q25
f00p01.tt1
m01p03.mm5
m00p03.tt4
f00p02.mt3
m00p02.mm3
m03p08.mm1
m02p03.tm5
m03p01.tt2
f03p01.qc2
m00p01.tm1
f02p03.tt5
f01p01.mm2
m01p02.tm3
m02p02.qc3
f00p03.qc4
m03p02.mt4
f00p08.q05
m00p08.s22
f02p02.mm4
m01p01.qc1
f03p02.tm4
f01p08.q20
m03p03.qc5
m01p08.q15
f03p08.mt1
f01p03.mt5
f02p08.728
m02p01.mt2
f01p02.tt3

***** block 7 *****

f02p05.tm2
f01p06.tt3
f00p06.mt3
m02p06.qc3
f01p04.q20
f02p06.mm4
m03p04.mm1
m01p07.mm5
f00p05.tt1
f02p07.tt5
m02p04.q25
f00p07.qc4
m02p05.mt2
f00p04.q05
f02p04.728
m00p05.tm1
m02p07.tm5
m00p06.mm3
m01p05.qc1
m03p05.tt2
f03p05.qc2
m03p07.qc5
m01p04.q15
m00p07.tt4
f03p04.mt1
f01p07.mt5
m03p06.mt4
m00p04.s22
f01p05.mm2
f03p06.tm4
m01p05.tm3

***** block 8 *****

m00p08.s22
m02p01.mt2
f03p01.qc2
f01p02.tt3
m03p08.mm1
f02p01.tm2
m02p02.qc3
f02p02.mm4
f00p02.mt3
m03p02.mt4
m02p03.tm5
m01p08.q15
f01p08.q20
f00p08.q05
f01p03.mt5
m00p01.tm1
f03p02.tm4
f02p08.728
f00p03.qc4
m01p01.qc1
m02p08.q25
m03p03.qc5
m01p03.mm5
f02p03.tt5
m00p03.tt4
m01p02.tm3
f00p01.tt1
m03p01.tt2
f03p08.mt1
m00p02.mm3
f01p01.mm2
