Experiment 2: play3.lst

***** practice block *****

m03p06.qc5
m00p03.s22
m02p04.mt2
m01p03.q15
m02p06.tm5
m01p05.tm3
m02p05.qc3
f02p06.tt5
f00p06.qc4
f02p03.728
f00p05.mt3
m02p03.q25
m03p03.mm1
f02p05.mm4
f00p04.tt1
f01p05.tt3
f03p03.mt1
f01p04.mm2
f03p05.tm4
f00p03.q05
f01p03.q20
f03p04.qc2
m00p06.tt4
m01p05.mm5
f01p06.mt5
m00p04.tm1
m03p05.mt4
m01p04.qc1
m00p05.mm3
f02p04.tm2
m03p04.tt2

***** block 1 *****

f00p02.q05
m02p02.q25
f01p05.mt5
m00p04.mm3
f01p02.q20
m01p02.q15
f02p05.tt5
f03p03.qc2
f00p05.qc4
f02p02.728
m03p05.qc5
m01p04.tm3
m02p05.tm5
m00p02.s22
m03p02.mm1
f03p02.mt1
m01p05.mm5
f02p04.mm4
f01p04.tt3
m00p05.tt4
f00p03.tt1
f01p03.mm2
m03p03.tt2
m02p03.mt2
m01p03.qc1
f03p04.tm4
m00p03.tm1
f02p03.tm2
m02p04.qc3
m03p04.mt4
f00p04.mt3

***** block 2 *****

f01p08.tt3
f02p08.mm4
m00p08.mm3
f03p06.mt1
f00p06.q05
f01p01.mt5
m02p08.qc3
m03p01.qc5
f02p01.tt5
f00p07.tt1
f01p07.mm2
m00p01.tt4
m01p01.mm5
m02p01.tm5
f03p07.qc2
m01p08.tm3
m03p07.tt2
m01p07.qc1
m02p07.mt2
f00p01.qc4
m03p06.mm1
f00p08.mt3
m01p05.q15
f02p07.tm2
m03p08.mt4
f01p06.q20
m00p07.tm1
f03p08.tm4
f02p06.728
m02p06.q25
m00p06.s22

***** block 3 *****

m02p05.tm5
m03p02.mm1
f02p02.728
m03p03.tt2
f02p05.tt5
f03p03.qc2
m02p04.qc3
m00p02.s22
m03p04.mt4
m02p03.mt2
m01p02.q15
f00p02.q05
m01p03.qc1
m00p04.mm3
m02p02.q25
f03p02.mt1
f00p04.mt3
m03p05.qc5
f02p03.tm2
f01p03.mm2
f00p03.tt1
m00p05.tt4
f01p05.mt5
f00p05.qc4
f03p04.tm4
f01p02.q20
m00p03.tm1
f02p04.mm4
m01p05.mm5
f01p04.tt3
m01p04.tm3

***** block 4 *****

f02p01.tt5
f01p01.mt5
f00p08.mt3
f02p07.tm2
f01p07.mm2
m01p01.mm5
m02p08.qc3
f01p06.q20
m01p07.qc1
f00p01.qc4
f03p08.tm4
m01p08.tm3
f02p06.728
m00p01.tt4
f00p06.q05
m00p08.mm3
m03p08.mt4
f01p08.tt3
f03p07.qc2
m02p01.tm5
m00p07.tm1
m01p05.q15
m00p06.s22
f02p08.mm4
m03p01.qc5
m02p07.mt2
m03p07.tt2
f03p06.mt1
f00p07.tt1
m02p06.q25
m03p06.mm1

***** block 5 *****

f01p05.mt5
m03p05.qc5
m01p05.mm5
f02p03.tm2
f00p02.q05
m01p03.qc1
m02p03.mt2
f01p03.mm2
f02p02.728
f01p04.tt3
m03p04.mt4
m02p05.tm5
f03p03.qc2
m00p03.tm1
f00p03.tt1
m03p03.tt2
m02p02.q25
m00p05.tt4
m01p04.tm3
f01p02.q20
f02p05.tt5
m02p04.qc3
m00p02.s22
f03p04.tm4
m00p04.mm3
f02p04.mm4
f00p04.mt3
m01p02.q15
f00p05.qc4
f03p02.mt1
m03p02.mm1

***** block 6 *****

f02p07.tm2
m02p06.q25
f00p07.tt1
m01p01.mm5
m00p01.tt4
f00p08.mt3
m00p08.mm3
m03p06.mm1
m02p01.tm5
m03p07.tt2
f03p07.qc2
m00p07.tm1
f02p01.tt5
f01p07.mm2
m01p08.tm3
m02p08.qc3
f00p01.qc4
m03p08.mt4
f00p06.q05
m00p06.s22
f02p08.mm4
m01p07.qc1
f03p08.tm4
f01p06.q20
m03p01.qc5
m01p05.q15
f03p06.mt1
f01p01.mt5
f02p06.728
m02p07.mt2
f01p08.tt3

***** block 7 *****

f02p03.tm2
f01p04.tt3
f00p04.mt3
m02p04.qc3
f01p02.q20
f02p04.mm4
m03p02.mm1
m01p05.mm5
f00p03.tt1
f02p05.tt5
m02p02.q25
f00p05.qc4
m02p03.mt2
f00p02.q05
f02p02.728
m00p03.tm1
m02p05.tm5
m00p04.mm3
m01p03.qc1
m03p03.tt2
f03p03.qc2
m03p05.qc5
m01p02.q15
m00p05.tt4
f03p02.mt1
f01p05.mt5
m03p04.mt4
m00p02.s22
f01p03.mm2
f03p04.tm4
m01p04.tm3

***** block 8 *****

m00p06.s22
m02p07.mt2
f03p07.qc2
f01p08.tt3
m03p06.mm1
f02p07.tm2
m02p08.qc3
f02p08.mm4
f00p08.mt3
m03p08.mt4
m02p01.tm5
m01p05.q15
f01p06.q20
f00p06.q05
f01p01.mt5
m00p07.tm1
f03p08.tm4
f02p06.728
f00p01.qc4
m01p07.qc1
m02p06.q25
m03p01.qc5
m01p01.mm5
f02p01.tt5
m00p01.tt4
m01p08.tm3
f00p07.tt1
m03p07.tt2
f03p06.mt1
m00p08.mm3
f01p07.mm2
