Experiment 2: play6.lst

***** practice block *****

m01p07.qc5
m02p04.s22
m00p05.mt2
m03p04.q15
m00p07.tm5
m03p06.tm3
m00p06.qc3
f00p07.tt5
f02p07.qc4
f00p04.728
f02p06.mt3
m00p04.q25
m01p04.mm1
f00p06.mm4
f02p05.tt1
f03p06.tt3
f01p04.mt1
f03p05.mm2
f01p06.tm4
f02p04.q05
f03p04.q20
f01p05.qc2
m02p07.tt4
m03p07.mm5
f03p07.mt5
m02p05.tm1
m01p05.mt4
m03p05.qc1
m02p06.mm3
f00p05.tm2
m01p05.tt2

***** block 1 *****

f02p03.q05
m00p03.q25
f03p06.mt5
m02p05.mm3
f03p03.q20
m03p03.q15
f00p06.tt5
f01p04.qc2
f02p06.qc4
f00p03.728
m01p05.qc5
m03p05.tm3
m00p06.tm5
m02p03.s22
m01p03.mm1
f01p03.mt1
m03p06.mm5
f00p05.mm4
f03p05.tt3
m02p06.tt4
f02p04.tt1
f03p04.mm2
m01p04.tt2
m00p04.mt2
m03p04.qc1
f01p05.tm4
m02p04.tm1
f00p04.tm2
m00p05.qc3
m01p05.mt4
f02p05.mt3

***** block 2 *****

f03p01.tt3
f00p01.mm4
m02p01.mm3
f01p07.mt1
f02p07.q05
f03p02.mt5
m00p01.qc3
m01p02.qc5
f00p02.tt5
f02p08.tt1
f03p08.mm2
m02p02.tt4
m03p02.mm5
m00p02.tm5
f01p08.qc2
m03p01.tm3
m01p08.tt2
m03p08.qc1
m00p08.mt2
f02p02.qc4
m01p07.mm1
f02p01.mt3
m03p07.q15
f00p08.tm2
m01p01.mt4
f03p07.q20
m02p08.tm1
f01p01.tm4
f00p07.728
m00p07.q25
m02p07.s22

***** block 3 *****

m00p06.tm5
m01p03.mm1
f00p03.728
m01p04.tt2
f00p06.tt5
f01p04.qc2
m00p05.qc3
m02p03.s22
m01p05.mt4
m00p04.mt2
m03p03.q15
f02p03.q05
m03p04.qc1
m02p05.mm3
m00p03.q25
f01p03.mt1
f02p05.mt3
m01p05.qc5
f00p04.tm2
f03p04.mm2
f02p04.tt1
m02p06.tt4
f03p06.mt5
f02p06.qc4
f01p05.tm4
f03p03.q20
m02p04.tm1
f00p05.mm4
m03p06.mm5
f03p05.tt3
m03p05.tm3

***** block 4 *****

f00p02.tt5
f03p02.mt5
f02p01.mt3
f00p08.tm2
f03p08.mm2
m03p02.mm5
m00p01.qc3
f03p07.q20
m03p08.qc1
f02p02.qc4
f01p01.tm4
m03p01.tm3
f00p07.728
m02p02.tt4
f02p07.q05
m02p01.mm3
m01p01.mt4
f03p01.tt3
f01p08.qc2
m00p02.tm5
m02p08.tm1
m03p07.q15
m02p07.s22
f00p01.mm4
m01p02.qc5
m00p08.mt2
m01p08.tt2
f01p07.mt1
f02p08.tt1
m00p07.q25
m01p07.mm1

***** block 5 *****

f03p06.mt5
m01p05.qc5
m03p06.mm5
f00p04.tm2
f02p03.q05
m03p04.qc1
m00p04.mt2
f03p04.mm2
f00p03.728
f03p05.tt3
m01p05.mt4
m00p06.tm5
f01p04.qc2
m02p04.tm1
f02p04.tt1
m01p04.tt2
m00p03.q25
m02p06.tt4
m03p05.tm3
f03p03.q20
f00p06.tt5
m00p05.qc3
m02p03.s22
f01p05.tm4
m02p05.mm3
f00p05.mm4
f02p05.mt3
m03p03.q15
f02p06.qc4
f01p03.mt1
m01p03.mm1

***** block 6 *****

f00p08.tm2
m00p07.q25
f02p08.tt1
m03p02.mm5
m02p02.tt4
f02p01.mt3
m02p01.mm3
m01p07.mm1
m00p02.tm5
m01p08.tt2
f01p08.qc2
m02p08.tm1
f00p02.tt5
f03p08.mm2
m03p01.tm3
m00p01.qc3
f02p02.qc4
m01p01.mt4
f02p07.q05
m02p07.s22
f00p01.mm4
m03p08.qc1
f01p01.tm4
f03p07.q20
m01p02.qc5
m03p07.q15
f01p07.mt1
f03p02.mt5
f00p07.728
m00p08.mt2
f03p01.tt3

***** block 7 *****

f00p04.tm2
f03p05.tt3
f02p05.mt3
m00p05.qc3
f03p03.q20
f00p05.mm4
m01p03.mm1
m03p06.mm5
f02p04.tt1
f00p06.tt5
m00p03.q25
f02p06.qc4
m00p04.mt2
f02p03.q05
f00p03.728
m02p04.tm1
m00p06.tm5
m02p05.mm3
m03p04.qc1
m01p04.tt2
f01p04.qc2
m01p05.qc5
m03p03.q15
m02p06.tt4
f01p03.mt1
f03p06.mt5
m01p05.mt4
m02p03.s22
f03p04.mm2
f01p05.tm4
m03p05.tm3

***** block 8 *****

m02p07.s22
m00p08.mt2
f01p08.qc2
f03p01.tt3
m01p07.mm1
f00p08.tm2
m00p01.qc3
f00p01.mm4
f02p01.mt3
m01p01.mt4
m00p02.tm5
m03p07.q15
f03p07.q20
f02p07.q05
f03p02.mt5
m02p08.tm1
f01p01.tm4
f00p07.728
f02p02.qc4
m03p08.qc1
m00p07.q25
m01p02.qc5
m03p02.mm5
f00p02.tt5
m02p02.tt4
m03p01.tm3
f02p08.tt1
m01p08.tt2
f01p07.mt1
m02p01.mm3
f03p08.mm2
