Experiment 1: play4.lst

***** practice block *****

m02p18.mm3
f00p16.728
f02p17.tt1
f01p18.tm4
m03p19.qr3
f00p19.tm5
m03p18.tm3
f03p19.mm5
m00p19.mt5
f02p16.q05
m00p16.q25
m01p18.tt5
m03p16.q15
f02p18.mt3
m01p17.tt2
f03p17.mm2
f00p18.mm4
m02p19.tt4
f00p17.tm2
m01p18.mt4
m02p17.tm1
f03p16.q20
m02p16.s22
f01p17.qc2
m00p18.qc3
m01p16.mm1
f03p18.tt3
f01p19.qc5
m00p17.mt2
m03p17.qc1
f01p16.mt1
f02p19.qf3

***** block 1 *****

m02p15.s22
f00p16.tm2
f01p18.qc5
f00p15.728
m01p17.mt4
m00p15.q25
f03p15.q20
f01p17.tm4
f02p18.qf3
m00p18.mt5
m01p16.tt2
m03p17.tm3
m02p17.mm3
f03p16.mm2
m01p18.tt5
m03p16.qc1
f03p18.mm5
f02p16.tt1
m03p18.qr3
f00p17.mm4
m02p18.tt4
f02p17.mt3
f00p18.tm5
m00p17.qc3
m03p15.q15
m01p15.mm1
f03p17.tt3
m02p16.tm1
f01p15.mt1
f02p15.q05
m00p16.mt2
f01p16.qc2

***** block 2 *****

m02p20.tm1
m03p14.qr3
m00p21.qc3
m03p21.tm3
f03p19.q20
m02p14.tt4
m03p20.qc1
f00p20.tm2
f02p14.qf3
f00p21.mm4
f01p20.qc2
m03p19.q15
m00p20.mt2
m01p14.tt5
f03p21.tt3
m00p14.mt5
f02p20.tt1
f00p19.728
f01p19.mt1
m01p21.mt4
f02p21.mt3
f03p20.mm2
f01p14.qc5
m02p21.mm3
f02p19.q05
f01p21.tm4
m00p19.q25
f00p14.tm5
m01p20.tt2
m02p19.s22
f03p14.mm5
m01p19.mm1

***** block 3 *****

f03p18.mm5
f01p17.tm4
m01p17.mt4
f01p18.qc5
m03p16.qc1
m02p15.s22
m03p17.tm3
m01p15.mm1
f00p17.mm4
m02p16.tm1
m01p18.tt5
m02p18.tt4
f03p15.q20
m03p18.qr3
m01p16.tt2
m00p16.mt2
f01p15.mt1
m02p17.mm3
m00p17.qc3
f03p17.tt3
f01p16.qc2
f02p17.mt3
m00p18.mt5
f02p18.qf3
f00p18.tm5
m00p15.q25
m03p15.q15
f02p16.tt1
f00p15.728
f02p15.q05
f00p16.tm2
f03p16.mm2

***** block 4 *****

m01p19.mm1
f00p19.728
f02p19.q05
m02p20.tm1
m00p21.qc3
f03p14.mm5
f00p21.mm4
f03p19.q20
f02p21.mt3
f00p14.tm5
m03p21.tm3
f01p19.mt1
m02p14.tt4
m01p20.tt2
m02p19.s22
m01p21.mt4
m00p19.q25
f03p21.tt3
f01p20.qc2
f02p14.qf3
m01p14.tt5
m03p20.qc1
f01p14.qc5
m00p14.mt5
f00p20.tm2
m00p20.mt2
m03p19.q15
f02p20.tt1
f01p21.tm4
m02p21.mm3
m03p14.qr3
f03p20.mm2

***** block 5 *****

f01p17.tm4
f03p17.tt3
m03p17.tm3
f03p16.mm2
m02p16.tm1
m03p16.qc1
f03p18.mm5
f02p15.q05
f03p15.q20
m03p18.qr3
m00p15.q25
f01p15.mt1
m01p15.mm1
m02p18.tt4
f02p16.tt1
f01p16.qc2
m03p15.q15
f00p15.728
m01p18.tt5
f00p16.tm2
f02p18.qf3
m01p16.tt2
f01p18.qc5
m02p17.mm3
f02p17.mt3
f00p18.tm5
m02p15.s22
m00p18.mt5
m01p17.mt4
m00p16.mt2
f00p17.mm4
m00p17.qc3

***** block 6 *****

f00p19.728
m02p20.tm1
m00p21.qc3
f01p20.qc2
m03p14.qr3
m02p21.mm3
f02p14.qf3
f01p21.tm4
m00p19.q25
f03p21.tt3
m01p19.mm1
f02p20.tt1
m03p21.tm3
f01p14.qc5
f00p14.tm5
m02p19.s22
f00p21.mm4
f03p14.mm5
m02p14.tt4
f02p19.q05
m01p14.tt5
f02p21.mt3
m03p20.qc1
m01p20.tt2
m00p14.mt5
m01p21.mt4
f03p19.q20
m00p20.mt2
m03p19.q15
f03p20.mm2
f00p20.tm2
f01p19.mt1

***** block 7 *****

m01p18.tt5
f01p17.tm4
m02p18.tt4
f02p17.mt3
m02p16.tm1
f03p18.mm5
f02p18.qf3
m03p18.qr3
m02p15.s22
f00p18.tm5
f03p16.mm2
m00p18.mt5
m02p17.mm3
f02p15.q05
m00p16.mt2
m01p16.tt2
f00p17.mm4
m03p15.q15
f03p15.q20
m00p17.qc3
f03p17.tt3
f00p16.tm2
m01p15.mm1
m03p17.tm3
f01p15.mt1
m00p15.q25
m03p16.qc1
f00p15.728
f01p18.qc5
f02p16.tt1
f01p16.qc2
m01p17.mt4

***** block 8 *****

f03p19.q20
f02p21.mt3
m02p19.s22
f03p14.mm5
f01p20.qc2
m02p21.mm3
m03p14.qr3
m00p21.qc3
m03p20.qc1
f00p14.tm5
m02p20.tm1
f03p21.tt3
f01p21.tm4
f02p14.qf3
f03p20.mm2
m01p14.tt5
f00p19.728
m03p19.q15
m01p19.mm1
m02p14.tt4
f02p20.tt1
f01p14.qc5
m01p20.tt2
m00p19.q25
m03p21.tm3
f00p20.tm2
f01p19.mt1
m00p14.mt5
m01p21.mt4
f02p19.q05
m00p20.mt2
f00p21.mm4
