Experiment 1: play8.lst

***** practice block *****

m02p20.mm3
f00p18.728
f02p19.tt1
f01p20.tm4
m03p21.qr3
f00p21.tm5
m03p20.tm3
f03p21.mm5
m00p21.mt5
f02p18.q05
m00p18.q25
m01p21.tt5
m03p18.q15
f02p20.mt3
m01p19.tt2
f03p19.mm2
f00p20.mm4
m02p21.tt4
f00p19.tm2
m01p20.mt4
m02p19.tm1
f03p18.q20
m02p18.s22
f01p19.qc2
m00p20.qc3
m01p18.mm1
f03p20.tt3
f01p21.qc5
m00p19.mt2
m03p19.qc1
f01p18.mt1
f02p21.qf3

***** block 1 *****

m02p17.s22
f00p18.tm2
f01p20.qc5
f00p17.728
m01p19.mt4
m00p17.q25
f03p17.q20
f01p19.tm4
f02p20.qf3
m00p20.mt5
m01p18.tt2
m03p19.tm3
m02p19.mm3
f03p18.mm2
m01p20.tt5
m03p18.qc1
f03p20.mm5
f02p18.tt1
m03p20.qr3
f00p19.mm4
m02p20.tt4
f02p19.mt3
f00p20.tm5
m00p19.qc3
m03p17.q15
m01p17.mm1
f03p19.tt3
m02p18.tm1
f01p17.mt1
f02p17.q05
m00p18.mt2
f01p18.qc2

***** block 2 *****

m02p14.tm1
m03p16.qr3
m00p15.qc3
m03p15.tm3
f03p21.q20
m02p16.tt4
m03p14.qc1
f00p14.tm2
f02p16.qf3
f00p15.mm4
f01p14.qc2
m03p21.q15
m00p14.mt2
m01p16.tt5
f03p15.tt3
m00p16.mt5
f02p14.tt1
f00p21.728
f01p21.mt1
m01p15.mt4
f02p15.mt3
f03p14.mm2
f01p16.qc5
m02p15.mm3
f02p21.q05
f01p15.tm4
m00p21.q25
f00p16.tm5
m01p14.tt2
m02p21.s22
f03p16.mm5
m01p21.mm1

***** block 3 *****

f03p20.mm5
f01p19.tm4
m01p19.mt4
f01p20.qc5
m03p18.qc1
m02p17.s22
m03p19.tm3
m01p17.mm1
f00p19.mm4
m02p18.tm1
m01p20.tt5
m02p20.tt4
f03p17.q20
m03p20.qr3
m01p18.tt2
m00p18.mt2
f01p17.mt1
m02p19.mm3
m00p19.qc3
f03p19.tt3
f01p18.qc2
f02p19.mt3
m00p20.mt5
f02p20.qf3
f00p20.tm5
m00p17.q25
m03p17.q15
f02p18.tt1
f00p17.728
f02p17.q05
f00p18.tm2
f03p18.mm2

***** block 4 *****

m01p21.mm1
f00p21.728
f02p21.q05
m02p14.tm1
m00p15.qc3
f03p16.mm5
f00p15.mm4
f03p21.q20
f02p15.mt3
f00p16.tm5
m03p15.tm3
f01p21.mt1
m02p16.tt4
m01p14.tt2
m02p21.s22
m01p15.mt4
m00p21.q25
f03p15.tt3
f01p14.qc2
f02p16.qf3
m01p16.tt5
m03p14.qc1
f01p16.qc5
m00p16.mt5
f00p14.tm2
m00p14.mt2
m03p21.q15
f02p14.tt1
f01p15.tm4
m02p15.mm3
m03p16.qr3
f03p14.mm2

***** block 5 *****

f01p19.tm4
f03p19.tt3
m03p19.tm3
f03p18.mm2
m02p18.tm1
m03p18.qc1
f03p20.mm5
f02p17.q05
f03p17.q20
m03p20.qr3
m00p17.q25
f01p17.mt1
m01p17.mm1
m02p20.tt4
f02p18.tt1
f01p18.qc2
m03p17.q15
f00p17.728
m01p20.tt5
f00p18.tm2
f02p20.qf3
m01p18.tt2
f01p20.qc5
m02p19.mm3
f02p19.mt3
f00p20.tm5
m02p17.s22
m00p20.mt5
m01p19.mt4
m00p18.mt2
f00p19.mm4
m00p19.qc3

***** block 6 *****

f00p21.728
m02p14.tm1
m00p15.qc3
f01p14.qc2
m03p16.qr3
m02p15.mm3
f02p16.qf3
f01p15.tm4
m00p21.q25
f03p15.tt3
m01p21.mm1
f02p14.tt1
m03p15.tm3
f01p16.qc5
f00p16.tm5
m02p21.s22
f00p15.mm4
f03p16.mm5
m02p16.tt4
f02p21.q05
m01p16.tt5
f02p15.mt3
m03p14.qc1
m01p14.tt2
m00p16.mt5
m01p15.mt4
f03p21.q20
m00p14.mt2
m03p21.q15
f03p14.mm2
f00p14.tm2
f01p21.mt1

***** block 7 *****

m01p20.tt5
f01p19.tm4
m02p20.tt4
f02p19.mt3
m02p18.tm1
f03p20.mm5
f02p20.qf3
m03p20.qr3
m02p17.s22
f00p20.tm5
f03p18.mm2
m00p20.mt5
m02p19.mm3
f02p17.q05
m00p18.mt2
m01p18.tt2
f00p19.mm4
m03p17.q15
f03p17.q20
m00p19.qc3
f03p19.tt3
f00p18.tm2
m01p17.mm1
m03p19.tm3
f01p17.mt1
m00p17.q25
m03p18.qc1
f00p17.728
f01p20.qc5
f02p18.tt1
f01p18.qc2
m01p19.mt4

***** block 8 *****

f03p21.q20
f02p15.mt3
m02p21.s22
f03p16.mm5
f01p14.qc2
m02p15.mm3
m03p16.qr3
m00p15.qc3
m03p14.qc1
f00p16.tm5
m02p14.tm1
f03p15.tt3
f01p15.tm4
f02p16.qf3
f03p14.mm2
m01p16.tt5
f00p21.728
m03p21.q15
m01p21.mm1
m02p16.tt4
f02p14.tt1
f01p16.qc5
m01p14.tt2
m00p21.q25
m03p15.tm3
f00p14.tm2
f01p21.mt1
m00p16.mt5
m01p15.mt4
f02p21.q05
m00p14.mt2
f00p15.mm4
