Experiment 1: play1.lst

***** practice block *****

f02p20.qr3
m02p19.q25
f02p20.728
m01p17.qc5
f00p16.mt4
m03p21.mm5
f00p16.q05
f03p14.mt1
m00p15.tm1
f02p20.tm2
f01p18.mm3
f00p16.tt5
m00p15.tm5
m03p21.tt2
m02p19.mt3
f02p20.tm3
m00p15.mm4
f01p18.tt4
f03p14.qc2
m02p19.mt2
f00p16.tt1
m01p17.tm4
f03p14.qc3
m00p15.s22
m03p21.tt3
f01p18.q20
m02p19.qf3
f03p14.mt5
f01p18.mm2
m01p17.qc1
m03p21.mm1
m01p17.q15

***** block 1 *****

f03p21.qc3
m02p18.qf3
m03p20.mm1
f02p19.728
m03p20.tt3
m00p14.tm1
f01p17.tt4
m00p14.tm5
m02p18.q25
f00p15.mt4
m01p16.tm4
f02p19.qr3
f00p15.tt5
m02p18.mt2
m03p20.mm5
f02p19.tm2
m01p16.qc1
f02p19.tm3
m00p14.mm4
m01p16.qc5
f00p15.tt1
m00p14.s22
f03p21.mt5
f01p17.mm3
f03p21.mt1
m02p18.mt3
m03p20.tt2
m01p16.q15
f01p17.mm2
f03p21.qc2
f00p15.q05
f01p17.q20

***** block 2 *****

m00p14.qc2
f00p15.mm4
m02p18.q20
m03p20.qr3
f00p15.tm5
f02p19.qf3
f03p21.mm1
m03p20.tm2
f03p21.tt2
m01p16.mt4
m03p20.tm3
m00p14.mt5
f00p15.s22
f03p21.mm5
m02p18.mm2
f02p19.mt2
f01p17.tm4
f00p15.tm1
m03p20.728
f02p19.q25
m00p14.qc3
f02p19.mt3
f01p17.qc5
m01p16.tt1
f01p17.qc1
m00p14.mt1
m01p16.q05
f01p17.q15
f03p21.tt3
m02p18.tt4
m01p16.tt5
m02p18.mm3

***** block 3 *****

m01p16.tm5
f01p17.mt4
f00p15.mt5
m02p18.q15
f00p15.qc2
m01p16.mm4
f03p21.tm3
m01p16.tm1
f03p21.728
f01p17.tt1
f00p15.mt1
m02p18.qc1
f00p15.qc3
m03p20.qf3
m00p14.mm1
m03p20.q25
f02p19.tt4
f01p17.q05
f02p19.q20
m00p14.tt2
f03p21.tm2
m03p20.mt2
m02p18.tm4
m00p14.tt3
m01p16.s22
m00p14.mm5
f02p19.mm2
f01p17.tt5
m03p20.mt3
m02p18.qc5
f03p21.qr3
f02p19.mm3

***** block 4 *****

f02p19.qc5
f00p15.tt3
m01p16.qc3
f00p15.tt2
m03p20.mm3
m02p18.mt4
f02p19.qc1
f01p17.tm5
m01p16.mt5
m00p14.tm3
f03p21.mt3
m03p20.tt4
f00p15.mm5
f03p21.qf3
m01p16.mt1
m03p20.q20
m01p16.qc2
f01p17.s22
f02p19.q15
m00p14.tm2
m02p18.tt5
f01p17.tm1
f00p15.mm1
m02p18.q05
m00p14.728
f03p21.mt2
m03p20.mm2
m00p14.qr3
f01p17.mm4
f02p19.tm4
m02p18.tt1
f03p21.q25

***** block 5 *****

f02p19.mt4
m03p20.qc5
f02p19.tt1
f00p15.tm3
f02p19.q05
m02p18.tm1
f03p21.mm2
m00p14.qf3
m02p18.mm4
f01p17.qc2
m02p18.s22
f02p19.tt5
f03p21.mm3
m01p16.tt2
m03p20.q15
f01p17.qc3
f03p21.q20
f00p15.qr3
m01p16.tt3
m03p20.qc1
f01p17.mt1
m03p20.tm4
m01p16.mm5
f01p17.mt5
f00p15.728
m00p14.mt2
f00p15.tm2
m02p18.tm5
m00p14.mt3
m01p16.mm1
m00p14.q25
f03p21.tt4

***** block 6 *****

m01p16.728
f00p15.mt2
m00p14.mm3
f02p19.s22
f03p21.qc1
f02p19.mm4
m02p18.qc3
m01p16.tm3
f03p21.qc5
f02p19.tm5
f01p17.tt3
m00p14.tt4
f00p15.mt3
m02p18.mt5
m00p14.q20
f01p17.mm5
m03p20.mt4
m02p18.qc2
m00p14.mm2
m03p20.tt1
f00p15.qf3
f03p21.q15
f00p15.q25
m02p18.mt1
m01p16.tm2
f01p17.mm1
m01p16.qr3
m03p20.q05
f02p19.tm1
m03p20.tt5
f01p17.tt2
f03p21.tm4

***** block 7 *****

m02p18.mm5
f03p21.q05
f02p19.mt1
m01p16.mt2
f01p17.qr3
f00p15.mm2
m00p14.tm4
f00p15.q20
f03p21.tt1
m03p20.s22
m00p14.qc1
f02p19.qc2
f03p21.tt5
f01p17.728
m03p20.tm1
m00p14.qc5
m03p20.mm4
m02p18.mm1
m00p14.q15
m01p16.mt3
f02p19.mt5
f01p17.tm2
f02p19.qc3
m01p16.qf3
m03p20.tm5
f03p21.mt4
f00p15.tt4
m01p16.q25
f00p15.mm3
m02p18.tt3
f01p17.tm3
m02p18.tt2

***** block 8 *****

f01p17.mt3
f00p15.tm4
m01p16.mm2
f01p17.q25
m00p14.q05
m03p20.qc2
m00p14.tt1
m03p20.qc3
f02p19.tt2
f00p15.q15
f01p17.mt2
m03p20.mt1
f02p19.mm5
f00p15.qc1
f03p21.tm5
f02p19.mm1
m02p18.728
f03p21.mm4
f02p19.tt3
m02p18.qr3
f01p17.qf3
m02p18.tm3
m01p16.tt4
f00p15.qc5
m02p18.tm2
m01p16.mm3
m03p20.mt5
m01p16.q20
f03p21.s22
m00p14.mt4
f03p21.tm1
m00p14.tt5
