Experiment 1: play5.lst

***** practice block *****

m00p19.mm3
f02p17.728
f00p18.tt1
f03p19.tm4
m01p20.qr3
f02p20.tm5
m01p19.tm3
f01p20.mm5
m02p20.mt5
f00p17.q05
m02p17.q25
m03p20.tt5
m01p17.q15
f00p19.mt3
m03p18.tt2
f01p18.mm2
f02p19.mm4
m00p20.tt4
f02p18.tm2
m03p19.mt4
m00p18.tm1
f01p17.q20
m00p17.s22
f03p18.qc2
m02p19.qc3
m03p17.mm1
f01p19.tt3
f03p20.qc5
m02p18.mt2
m01p18.qc1
f03p17.mt1
f00p20.qf3

***** block 1 *****

m00p16.s22
f02p17.tm2
f03p19.qc5
f02p16.728
m03p18.mt4
m02p16.q25
f01p16.q20
f03p18.tm4
f00p19.qf3
m02p19.mt5
m03p17.tt2
m01p18.tm3
m00p18.mm3
f01p17.mm2
m03p19.tt5
m01p17.qc1
f01p19.mm5
f00p17.tt1
m01p19.qr3
f02p18.mm4
m00p19.tt4
f00p18.mt3
f02p19.tm5
m02p18.qc3
m01p16.q15
m03p16.mm1
f01p18.tt3
m00p17.tm1
f03p16.mt1
f00p16.q05
m02p17.mt2
f03p17.qc2

***** block 2 *****

m00p21.tm1
m01p15.qr3
m02p14.qc3
m01p14.tm3
f01p20.q20
m00p15.tt4
m01p21.qc1
f02p21.tm2
f00p15.qf3
f02p14.mm4
f03p21.qc2
m01p20.q15
m02p21.mt2
m03p15.tt5
f01p14.tt3
m02p15.mt5
f00p21.tt1
f02p20.728
f03p20.mt1
m03p14.mt4
f00p14.mt3
f01p21.mm2
f03p15.qc5
m00p14.mm3
f00p20.q05
f03p14.tm4
m02p20.q25
f02p15.tm5
m03p21.tt2
m00p20.s22
f01p15.mm5
m03p20.mm1

***** block 3 *****

f01p19.mm5
f03p18.tm4
m03p18.mt4
f03p19.qc5
m01p17.qc1
m00p16.s22
m01p18.tm3
m03p16.mm1
f02p18.mm4
m00p17.tm1
m03p19.tt5
m00p19.tt4
f01p16.q20
m01p19.qr3
m03p17.tt2
m02p17.mt2
f03p16.mt1
m00p18.mm3
m02p18.qc3
f01p18.tt3
f03p17.qc2
f00p18.mt3
m02p19.mt5
f00p19.qf3
f02p19.tm5
m02p16.q25
m01p16.q15
f00p17.tt1
f02p16.728
f00p16.q05
f02p17.tm2
f01p17.mm2

***** block 4 *****

m03p20.mm1
f02p20.728
f00p20.q05
m00p21.tm1
m02p14.qc3
f01p15.mm5
f02p14.mm4
f01p20.q20
f00p14.mt3
f02p15.tm5
m01p14.tm3
f03p20.mt1
m00p15.tt4
m03p21.tt2
m00p20.s22
m03p14.mt4
m02p20.q25
f01p14.tt3
f03p21.qc2
f00p15.qf3
m03p15.tt5
m01p21.qc1
f03p15.qc5
m02p15.mt5
f02p21.tm2
m02p21.mt2
m01p20.q15
f00p21.tt1
f03p14.tm4
m00p14.mm3
m01p15.qr3
f01p21.mm2

***** block 5 *****

f03p18.tm4
f01p18.tt3
m01p18.tm3
f01p17.mm2
m00p17.tm1
m01p17.qc1
f01p19.mm5
f00p16.q05
f01p16.q20
m01p19.qr3
m02p16.q25
f03p16.mt1
m03p16.mm1
m00p19.tt4
f00p17.tt1
f03p17.qc2
m01p16.q15
f02p16.728
m03p19.tt5
f02p17.tm2
f00p19.qf3
m03p17.tt2
f03p19.qc5
m00p18.mm3
f00p18.mt3
f02p19.tm5
m00p16.s22
m02p19.mt5
m03p18.mt4
m02p17.mt2
f02p18.mm4
m02p18.qc3

***** block 6 *****

f02p20.728
m00p21.tm1
m02p14.qc3
f03p21.qc2
m01p15.qr3
m00p14.mm3
f00p15.qf3
f03p14.tm4
m02p20.q25
f01p14.tt3
m03p20.mm1
f00p21.tt1
m01p14.tm3
f03p15.qc5
f02p15.tm5
m00p20.s22
f02p14.mm4
f01p15.mm5
m00p15.tt4
f00p20.q05
m03p15.tt5
f00p14.mt3
m01p21.qc1
m03p21.tt2
m02p15.mt5
m03p14.mt4
f01p20.q20
m02p21.mt2
m01p20.q15
f01p21.mm2
f02p21.tm2
f03p20.mt1

***** block 7 *****

m03p19.tt5
f03p18.tm4
m00p19.tt4
f00p18.mt3
m00p17.tm1
f01p19.mm5
f00p19.qf3
m01p19.qr3
m00p16.s22
f02p19.tm5
f01p17.mm2
m02p19.mt5
m00p18.mm3
f00p16.q05
m02p17.mt2
m03p17.tt2
f02p18.mm4
m01p16.q15
f01p16.q20
m02p18.qc3
f01p18.tt3
f02p17.tm2
m03p16.mm1
m01p18.tm3
f03p16.mt1
m02p16.q25
m01p17.qc1
f02p16.728
f03p19.qc5
f00p17.tt1
f03p17.qc2
m03p18.mt4

***** block 8 *****

f01p20.q20
f00p14.mt3
m00p20.s22
f01p15.mm5
f03p21.qc2
m00p14.mm3
m01p15.qr3
m02p14.qc3
m01p21.qc1
f02p15.tm5
m00p21.tm1
f01p14.tt3
f03p14.tm4
f00p15.qf3
f01p21.mm2
m03p15.tt5
f02p20.728
m01p20.q15
m03p20.mm1
m00p15.tt4
f00p21.tt1
f03p15.qc5
m03p21.tt2
m02p20.q25
m01p14.tm3
f02p21.tm2
f03p20.mt1
m02p15.mt5
m03p14.mt4
f00p20.q05
m02p21.mt2
f02p14.mm4
